# JRE version: OpenJDK Runtime Environment Temurin-21.0.6+7 (21.0.6+7) (build 21.0.6+7-LTS)
# Java VM: OpenJDK 64-Bit Server VM Temurin-21.0.6+7 (21.0.6+7-LTS, mixed mode, sharing, tiered, compressed oops, compressed class ptrs, parallel gc, windows-amd64)
GC Precious Log:
 CardTable entry size: 512
 CPUs: 8 total, 8 available
 Memory: 7991M
 Large Page Support: Disabled
 NUMA Support: Disabled
 Compressed Oops: Enabled (32-bit)
 Alignments: Space 512K, Generation 512K, Heap 2M
 Heap Min Capacity: 100M
 Heap Initial Capacity: 100M
 Heap Max Capacity: 1G
 Pre-touch: Disabled
 Parallel Workers: 8
Heap:
 PSYoungGen      total 4096K, used 4096K [0x00000000eab00000, 0x00000000eb080000, 0x0000000100000000)
  eden space 3584K, 100% used [0x00000000eab00000,0x00000000eae80000,0x00000000eae80000)
  from space 512K, 100% used [0x00000000eaf00000,0x00000000eaf80000,0x00000000eaf80000)
  to   space 1024K, 53% used [0x00000000eaf80000,0x00000000eb008000,0x00000000eb080000)
 ParOldGen       total 612864K, used 612654K [0x00000000c0000000, 0x00000000e5680000, 0x00000000eab00000)
  object space 612864K, 99% used [0x00000000c0000000,0x00000000e564ba40,0x00000000e5680000)
 Metaspace       used 65290K, committed 66816K, reserved 1114112K
  class space    used 6775K, committed 7424K, reserved 1048576K
GC Heap History (20 events):
Event: 25.065 GC heap before
{Heap before GC invocations=1578 (full 4):
 PSYoungGen      total 4608K, used 4096K [0x00000000eab00000, 0x00000000eb080000, 0x0000000100000000)
  eden space 3584K, 100% used [0x00000000eab00000,0x00000000eae80000,0x00000000eae80000)
  from space 1024K, 50% used [0x00000000eaf80000,0x00000000eb000000,0x00000000eb080000)
  to   space 1024K, 0% used [0x00000000eae80000,0x00000000eae80000,0x00000000eaf80000)
 ParOldGen       total 608256K, used 607868K [0x00000000c0000000, 0x00000000e5200000, 0x00000000eab00000)
  object space 608256K, 99% used [0x00000000c0000000,0x00000000e519f220,0x00000000e5200000)
 Metaspace       used 65290K, committed 66816K, reserved 1114112K
  class space    used 6775K, committed 7424K, reserved 1048576K
}
Event: 25.067 GC heap after
{Heap after GC invocations=1578 (full 4):
 PSYoungGen      total 4608K, used 416K [0x00000000eab00000, 0x00000000eb000000, 0x0000000100000000)
  eden space 3584K, 0% used [0x00000000eab00000,0x00000000eab00000,0x00000000eae80000)
  from space 1024K, 40% used [0x00000000eae80000,0x00000000eaee8000,0x00000000eaf80000)
  to   space 512K, 0% used [0x00000000eaf80000,0x00000000eaf80000,0x00000000eb000000)
 ParOldGen       total 608768K, used 608276K [0x00000000c0000000, 0x00000000e5280000, 0x00000000eab00000)
  object space 608768K, 99% used [0x00000000c0000000,0x00000000e5205220,0x00000000e5280000)
 Metaspace       used 65290K, committed 66816K, reserved 1114112K
  class space    used 6775K, committed 7424K, reserved 1048576K
}
Event: 25.075 GC heap before
{Heap before GC invocations=1579 (full 4):
 PSYoungGen      total 4608K, used 4000K [0x00000000eab00000, 0x00000000eb000000, 0x0000000100000000)
  eden space 3584K, 100% used [0x00000000eab00000,0x00000000eae80000,0x00000000eae80000)
  from space 1024K, 40% used [0x00000000eae80000,0x00000000eaee8000,0x00000000eaf80000)
  to   space 512K, 0% used [0x00000000eaf80000,0x00000000eaf80000,0x00000000eb000000)
 ParOldGen       total 608768K, used 608276K [0x00000000c0000000, 0x00000000e5280000, 0x00000000eab00000)
  object space 608768K, 99% used [0x00000000c0000000,0x00000000e5205220,0x00000000e5280000)
 Metaspace       used 65290K, committed 66816K, reserved 1114112K
  class space    used 6775K, committed 7424K, reserved 1048576K
}
Event: 25.076 GC heap after
{Heap after GC invocations=1579 (full 4):
 PSYoungGen      total 4096K, used 448K [0x00000000eab00000, 0x00000000eb000000, 0x0000000100000000)
  eden space 3584K, 0% used [0x00000000eab00000,0x00000000eab00000,0x00000000eae80000)
  from space 512K, 87% used [0x00000000eaf80000,0x00000000eaff0000,0x00000000eb000000)
  to   space 512K, 0% used [0x00000000eaf00000,0x00000000eaf00000,0x00000000eaf80000)
 ParOldGen       total 608768K, used 608652K [0x00000000c0000000, 0x00000000e5280000, 0x00000000eab00000)
  object space 608768K, 99% used [0x00000000c0000000,0x00000000e5263220,0x00000000e5280000)
 Metaspace       used 65290K, committed 66816K, reserved 1114112K
  class space    used 6775K, committed 7424K, reserved 1048576K
}
Event: 25.084 GC heap before
{Heap before GC invocations=1580 (full 4):
 PSYoungGen      total 4096K, used 4032K [0x00000000eab00000, 0x00000000eb000000, 0x0000000100000000)
  eden space 3584K, 100% used [0x00000000eab00000,0x00000000eae80000,0x00000000eae80000)
  from space 512K, 87% used [0x00000000eaf80000,0x00000000eaff0000,0x00000000eb000000)
  to   space 512K, 0% used [0x00000000eaf00000,0x00000000eaf00000,0x00000000eaf80000)
 ParOldGen       total 608768K, used 608652K [0x00000000c0000000, 0x00000000e5280000, 0x00000000eab00000)
  object space 608768K, 99% used [0x00000000c0000000,0x00000000e5263220,0x00000000e5280000)
 Metaspace       used 65290K, committed 66816K, reserved 1114112K
  class space    used 6775K, committed 7424K, reserved 1048576K
}
Event: 25.085 GC heap after
{Heap after GC invocations=1580 (full 4):
 PSYoungGen      total 4096K, used 448K [0x00000000eab00000, 0x00000000eb000000, 0x0000000100000000)
  eden space 3584K, 0% used [0x00000000eab00000,0x00000000eab00000,0x00000000eae80000)
  from space 512K, 87% used [0x00000000eaf00000,0x00000000eaf70000,0x00000000eaf80000)
  to   space 512K, 0% used [0x00000000eaf80000,0x00000000eaf80000,0x00000000eb000000)
 ParOldGen       total 609280K, used 609060K [0x00000000c0000000, 0x00000000e5300000, 0x00000000eab00000)
  object space 609280K, 99% used [0x00000000c0000000,0x00000000e52c9220,0x00000000e5300000)
 Metaspace       used 65290K, committed 66816K, reserved 1114112K
  class space    used 6775K, committed 7424K, reserved 1048576K
}
Event: 25.092 GC heap before
{Heap before GC invocations=1581 (full 4):
 PSYoungGen      total 4096K, used 4032K [0x00000000eab00000, 0x00000000eb000000, 0x0000000100000000)
  eden space 3584K, 100% used [0x00000000eab00000,0x00000000eae80000,0x00000000eae80000)
  from space 512K, 87% used [0x00000000eaf00000,0x00000000eaf70000,0x00000000eaf80000)
  to   space 512K, 0% used [0x00000000eaf80000,0x00000000eaf80000,0x00000000eb000000)
 ParOldGen       total 609280K, used 609060K [0x00000000c0000000, 0x00000000e5300000, 0x00000000eab00000)
  object space 609280K, 99% used [0x00000000c0000000,0x00000000e52c9220,0x00000000e5300000)
 Metaspace       used 65290K, committed 66816K, reserved 1114112K
  class space    used 6775K, committed 7424K, reserved 1048576K
}
Event: 25.094 GC heap after
{Heap after GC invocations=1581 (full 4):
 PSYoungGen      total 4096K, used 512K [0x00000000eab00000, 0x00000000eb080000, 0x0000000100000000)
  eden space 3584K, 0% used [0x00000000eab00000,0x00000000eab00000,0x00000000eae80000)
  from space 512K, 100% used [0x00000000eaf80000,0x00000000eb000000,0x00000000eb000000)
  to   space 1024K, 0% used [0x00000000eae80000,0x00000000eae80000,0x00000000eaf80000)
 ParOldGen       total 609792K, used 609433K [0x00000000c0000000, 0x00000000e5380000, 0x00000000eab00000)
  object space 609792K, 99% used [0x00000000c0000000,0x00000000e5326428,0x00000000e5380000)
 Metaspace       used 65290K, committed 66816K, reserved 1114112K
  class space    used 6775K, committed 7424K, reserved 1048576K
}
Event: 25.102 GC heap before
{Heap before GC invocations=1582 (full 4):
 PSYoungGen      total 4096K, used 4096K [0x00000000eab00000, 0x00000000eb080000, 0x0000000100000000)
  eden space 3584K, 100% used [0x00000000eab00000,0x00000000eae80000,0x00000000eae80000)
  from space 512K, 100% used [0x00000000eaf80000,0x00000000eb000000,0x00000000eb000000)
  to   space 1024K, 0% used [0x00000000eae80000,0x00000000eae80000,0x00000000eaf80000)
 ParOldGen       total 609792K, used 609433K [0x00000000c0000000, 0x00000000e5380000, 0x00000000eab00000)
  object space 609792K, 99% used [0x00000000c0000000,0x00000000e5326428,0x00000000e5380000)
 Metaspace       used 65290K, committed 66816K, reserved 1114112K
  class space    used 6775K, committed 7424K, reserved 1048576K
}
Event: 25.104 GC heap after
{Heap after GC invocations=1582 (full 4):
 PSYoungGen      total 4608K, used 664K [0x00000000eab00000, 0x00000000eb080000, 0x0000000100000000)
  eden space 3584K, 0% used [0x00000000eab00000,0x00000000eab00000,0x00000000eae80000)
  from space 1024K, 64% used [0x00000000eae80000,0x00000000eaf26008,0x00000000eaf80000)
  to   space 1024K, 0% used [0x00000000eaf80000,0x00000000eaf80000,0x00000000eb080000)
 ParOldGen       total 610304K, used 609830K [0x00000000c0000000, 0x00000000e5400000, 0x00000000eab00000)
  object space 610304K, 99% used [0x00000000c0000000,0x00000000e5389a38,0x00000000e5400000)
 Metaspace       used 65290K, committed 66816K, reserved 1114112K
  class space    used 6775K, committed 7424K, reserved 1048576K
}
Event: 25.113 GC heap before
{Heap before GC invocations=1583 (full 4):
 PSYoungGen      total 4608K, used 4247K [0x00000000eab00000, 0x00000000eb080000, 0x0000000100000000)
  eden space 3584K, 99% used [0x00000000eab00000,0x00000000eae7ff28,0x00000000eae80000)
  from space 1024K, 64% used [0x00000000eae80000,0x00000000eaf26008,0x00000000eaf80000)
  to   space 1024K, 0% used [0x00000000eaf80000,0x00000000eaf80000,0x00000000eb080000)
 ParOldGen       total 610304K, used 609830K [0x00000000c0000000, 0x00000000e5400000, 0x00000000eab00000)
  object space 610304K, 99% used [0x00000000c0000000,0x00000000e5389a38,0x00000000e5400000)
 Metaspace       used 65290K, committed 66816K, reserved 1114112K
  class space    used 6775K, committed 7424K, reserved 1048576K
}
Event: 25.115 GC heap after
{Heap after GC invocations=1583 (full 4):
 PSYoungGen      total 4096K, used 416K [0x00000000eab00000, 0x00000000eb000000, 0x0000000100000000)
  eden space 3584K, 0% used [0x00000000eab00000,0x00000000eab00000,0x00000000eae80000)
  from space 512K, 81% used [0x00000000eaf80000,0x00000000eafe8000,0x00000000eb000000)
  to   space 512K, 0% used [0x00000000eaf00000,0x00000000eaf00000,0x00000000eaf80000)
 ParOldGen       total 610816K, used 610398K [0x00000000c0000000, 0x00000000e5480000, 0x00000000eab00000)
  object space 610816K, 99% used [0x00000000c0000000,0x00000000e5417a40,0x00000000e5480000)
 Metaspace       used 65290K, committed 66816K, reserved 1114112K
  class space    used 6775K, committed 7424K, reserved 1048576K
}
Event: 25.123 GC heap before
{Heap before GC invocations=1584 (full 4):
 PSYoungGen      total 4096K, used 4000K [0x00000000eab00000, 0x00000000eb000000, 0x0000000100000000)
  eden space 3584K, 100% used [0x00000000eab00000,0x00000000eae80000,0x00000000eae80000)
  from space 512K, 81% used [0x00000000eaf80000,0x00000000eafe8000,0x00000000eb000000)
  to   space 512K, 0% used [0x00000000eaf00000,0x00000000eaf00000,0x00000000eaf80000)
 ParOldGen       total 610816K, used 610398K [0x00000000c0000000, 0x00000000e5480000, 0x00000000eab00000)
  object space 610816K, 99% used [0x00000000c0000000,0x00000000e5417a40,0x00000000e5480000)
 Metaspace       used 65290K, committed 66816K, reserved 1114112K
  class space    used 6775K, committed 7424K, reserved 1048576K
}
Event: 25.125 GC heap after
{Heap after GC invocations=1584 (full 4):
 PSYoungGen      total 4096K, used 480K [0x00000000eab00000, 0x00000000eb000000, 0x0000000100000000)
  eden space 3584K, 0% used [0x00000000eab00000,0x00000000eab00000,0x00000000eae80000)
  from space 512K, 93% used [0x00000000eaf00000,0x00000000eaf78000,0x00000000eaf80000)
  to   space 512K, 0% used [0x00000000eaf80000,0x00000000eaf80000,0x00000000eb000000)
 ParOldGen       total 610816K, used 610758K [0x00000000c0000000, 0x00000000e5480000, 0x00000000eab00000)
  object space 610816K, 99% used [0x00000000c0000000,0x00000000e5471a40,0x00000000e5480000)
 Metaspace       used 65290K, committed 66816K, reserved 1114112K
  class space    used 6775K, committed 7424K, reserved 1048576K
}
Event: 25.134 GC heap before
{Heap before GC invocations=1585 (full 4):
 PSYoungGen      total 4096K, used 4064K [0x00000000eab00000, 0x00000000eb000000, 0x0000000100000000)
  eden space 3584K, 100% used [0x00000000eab00000,0x00000000eae80000,0x00000000eae80000)
  from space 512K, 93% used [0x00000000eaf00000,0x00000000eaf78000,0x00000000eaf80000)
  to   space 512K, 0% used [0x00000000eaf80000,0x00000000eaf80000,0x00000000eb000000)
 ParOldGen       total 610816K, used 610758K [0x00000000c0000000, 0x00000000e5480000, 0x00000000eab00000)
  object space 610816K, 99% used [0x00000000c0000000,0x00000000e5471a40,0x00000000e5480000)
 Metaspace       used 65290K, committed 66816K, reserved 1114112K
  class space    used 6775K, committed 7424K, reserved 1048576K
}
Event: 25.135 GC heap after
{Heap after GC invocations=1585 (full 4):
 PSYoungGen      total 4096K, used 512K [0x00000000eab00000, 0x00000000eb080000, 0x0000000100000000)
  eden space 3584K, 0% used [0x00000000eab00000,0x00000000eab00000,0x00000000eae80000)
  from space 512K, 100% used [0x00000000eaf80000,0x00000000eb000000,0x00000000eb000000)
  to   space 1024K, 0% used [0x00000000eae80000,0x00000000eae80000,0x00000000eaf80000)
 ParOldGen       total 611328K, used 611166K [0x00000000c0000000, 0x00000000e5500000, 0x00000000eab00000)
  object space 611328K, 99% used [0x00000000c0000000,0x00000000e54d7a40,0x00000000e5500000)
 Metaspace       used 65290K, committed 66816K, reserved 1114112K
  class space    used 6775K, committed 7424K, reserved 1048576K
}
Event: 25.145 GC heap before
{Heap before GC invocations=1586 (full 4):
 PSYoungGen      total 4096K, used 4096K [0x00000000eab00000, 0x00000000eb080000, 0x0000000100000000)
  eden space 3584K, 100% used [0x00000000eab00000,0x00000000eae80000,0x00000000eae80000)
  from space 512K, 100% used [0x00000000eaf80000,0x00000000eb000000,0x00000000eb000000)
  to   space 1024K, 0% used [0x00000000eae80000,0x00000000eae80000,0x00000000eaf80000)
 ParOldGen       total 611328K, used 611166K [0x00000000c0000000, 0x00000000e5500000, 0x00000000eab00000)
  object space 611328K, 99% used [0x00000000c0000000,0x00000000e54d7a40,0x00000000e5500000)
 Metaspace       used 65290K, committed 66816K, reserved 1114112K
  class space    used 6775K, committed 7424K, reserved 1048576K
}
Event: 25.147 GC heap after
{Heap after GC invocations=1586 (full 4):
 PSYoungGen      total 4608K, used 475K [0x00000000eab00000, 0x00000000eb000000, 0x0000000100000000)
  eden space 3584K, 0% used [0x00000000eab00000,0x00000000eab00000,0x00000000eae80000)
  from space 1024K, 46% used [0x00000000eae80000,0x00000000eaef6d78,0x00000000eaf80000)
  to   space 512K, 0% used [0x00000000eaf80000,0x00000000eaf80000,0x00000000eb000000)
 ParOldGen       total 611840K, used 611574K [0x00000000c0000000, 0x00000000e5580000, 0x00000000eab00000)
  object space 611840K, 99% used [0x00000000c0000000,0x00000000e553da40,0x00000000e5580000)
 Metaspace       used 65290K, committed 66816K, reserved 1114112K
  class space    used 6775K, committed 7424K, reserved 1048576K
}
Event: 25.154 GC heap before
{Heap before GC invocations=1587 (full 4):
 PSYoungGen      total 4608K, used 4059K [0x00000000eab00000, 0x00000000eb000000, 0x0000000100000000)
  eden space 3584K, 100% used [0x00000000eab00000,0x00000000eae80000,0x00000000eae80000)
  from space 1024K, 46% used [0x00000000eae80000,0x00000000eaef6d78,0x00000000eaf80000)
  to   space 512K, 0% used [0x00000000eaf80000,0x00000000eaf80000,0x00000000eb000000)
 ParOldGen       total 611840K, used 611574K [0x00000000c0000000, 0x00000000e5580000, 0x00000000eab00000)
  object space 611840K, 99% used [0x00000000c0000000,0x00000000e553da40,0x00000000e5580000)
 Metaspace       used 65290K, committed 66816K, reserved 1114112K
  class space    used 6775K, committed 7424K, reserved 1048576K
}
Event: 25.156 GC heap after
{Heap after GC invocations=1587 (full 4):
 PSYoungGen      total 4096K, used 448K [0x00000000eab00000, 0x00000000eb000000, 0x0000000100000000)
  eden space 3584K, 0% used [0x00000000eab00000,0x00000000eab00000,0x00000000eae80000)
  from space 512K, 87% used [0x00000000eaf80000,0x00000000eaff0000,0x00000000eb000000)
  to   space 512K, 0% used [0x00000000eaf00000,0x00000000eaf00000,0x00000000eaf80000)
 ParOldGen       total 612352K, used 611950K [0x00000000c0000000, 0x00000000e5600000, 0x00000000eab00000)
  object space 612352K, 99% used [0x00000000c0000000,0x00000000e559ba40,0x00000000e5600000)
 Metaspace       used 65290K, committed 66816K, reserved 1114112K
  class space    used 6775K, committed 7424K, reserved 1048576K
}

