# JRE version: OpenJDK Runtime Environment Temurin-21.0.6+7 (21.0.6+7) (build 21.0.6+7-LTS)
# Java VM: OpenJDK 64-Bit Server VM Temurin-21.0.6+7 (21.0.6+7-LTS, mixed mode, sharing, tiered, compressed oops, compressed class ptrs, parallel gc, windows-amd64)
GC Precious Log:
 CardTable entry size: 512
 CPUs: 8 total, 8 available
 Memory: 7991M
 Large Page Support: Disabled
 NUMA Support: Disabled
 Compressed Oops: Enabled (32-bit)
 Alignments: Space 512K, Generation 512K, Heap 2M
 Heap Min Capacity: 100M
 Heap Initial Capacity: 100M
 Heap Max Capacity: 1G
 Pre-touch: Disabled
 Parallel Workers: 8
Heap:
 PSYoungGen      total 19968K, used 19519K [0x00000000eab00000, 0x00000000ec080000, 0x0000000100000000)
  eden space 18944K, 99% used [0x00000000eab00000,0x00000000ebd7ff90,0x00000000ebd80000)
  from space 1024K, 56% used [0x00000000ebf80000,0x00000000ec010000,0x00000000ec080000)
  to   space 1024K, 0% used [0x00000000ebe80000,0x00000000ebe80000,0x00000000ebf80000)
 ParOldGen       total 68608K, used 59701K [0x00000000c0000000, 0x00000000c4300000, 0x00000000eab00000)
  object space 68608K, 87% used [0x00000000c0000000,0x00000000c3a4d760,0x00000000c4300000)
 Metaspace       used 69029K, committed 70528K, reserved 1114112K
  class space    used 7271K, committed 7936K, reserved 1048576K
GC Heap History (20 events):
Event: 27.970 GC heap before
{Heap before GC invocations=48 (full 3):
 PSYoungGen      total 19968K, used 19614K [0x00000000eab00000, 0x00000000ec280000, 0x0000000100000000)
  eden space 18944K, 100% used [0x00000000eab00000,0x00000000ebd80000,0x00000000ebd80000)
  from space 1024K, 65% used [0x00000000ec180000,0x00000000ec227958,0x00000000ec280000)
  to   space 1536K, 0% used [0x00000000ebf80000,0x00000000ebf80000,0x00000000ec100000)
 ParOldGen       total 68608K, used 53757K [0x00000000c0000000, 0x00000000c4300000, 0x00000000eab00000)
  object space 68608K, 78% used [0x00000000c0000000,0x00000000c347f750,0x00000000c4300000)
 Metaspace       used 67794K, committed 69312K, reserved 1114112K
  class space    used 7155K, committed 7808K, reserved 1048576K
}
Event: 27.972 GC heap after
{Heap after GC invocations=48 (full 3):
 PSYoungGen      total 20480K, used 793K [0x00000000eab00000, 0x00000000ec200000, 0x0000000100000000)
  eden space 18944K, 0% used [0x00000000eab00000,0x00000000eab00000,0x00000000ebd80000)
  from space 1536K, 51% used [0x00000000ebf80000,0x00000000ec046420,0x00000000ec100000)
  to   space 1024K, 0% used [0x00000000ec100000,0x00000000ec100000,0x00000000ec200000)
 ParOldGen       total 68608K, used 54164K [0x00000000c0000000, 0x00000000c4300000, 0x00000000eab00000)
  object space 68608K, 78% used [0x00000000c0000000,0x00000000c34e5090,0x00000000c4300000)
 Metaspace       used 67794K, committed 69312K, reserved 1114112K
  class space    used 7155K, committed 7808K, reserved 1048576K
}
Event: 28.033 GC heap before
{Heap before GC invocations=49 (full 3):
 PSYoungGen      total 20480K, used 19737K [0x00000000eab00000, 0x00000000ec200000, 0x0000000100000000)
  eden space 18944K, 100% used [0x00000000eab00000,0x00000000ebd80000,0x00000000ebd80000)
  from space 1536K, 51% used [0x00000000ebf80000,0x00000000ec046420,0x00000000ec100000)
  to   space 1024K, 0% used [0x00000000ec100000,0x00000000ec100000,0x00000000ec200000)
 ParOldGen       total 68608K, used 54164K [0x00000000c0000000, 0x00000000c4300000, 0x00000000eab00000)
  object space 68608K, 78% used [0x00000000c0000000,0x00000000c34e5090,0x00000000c4300000)
 Metaspace       used 68007K, committed 69504K, reserved 1114112K
  class space    used 7176K, committed 7808K, reserved 1048576K
}
Event: 28.035 GC heap after
{Heap after GC invocations=49 (full 3):
 PSYoungGen      total 19968K, used 804K [0x00000000eab00000, 0x00000000ec200000, 0x0000000100000000)
  eden space 18944K, 0% used [0x00000000eab00000,0x00000000eab00000,0x00000000ebd80000)
  from space 1024K, 78% used [0x00000000ec100000,0x00000000ec1c93e8,0x00000000ec200000)
  to   space 1024K, 0% used [0x00000000ec000000,0x00000000ec000000,0x00000000ec100000)
 ParOldGen       total 68608K, used 54653K [0x00000000c0000000, 0x00000000c4300000, 0x00000000eab00000)
  object space 68608K, 79% used [0x00000000c0000000,0x00000000c355f738,0x00000000c4300000)
 Metaspace       used 68007K, committed 69504K, reserved 1114112K
  class space    used 7176K, committed 7808K, reserved 1048576K
}
Event: 28.101 GC heap before
{Heap before GC invocations=50 (full 3):
 PSYoungGen      total 19968K, used 19748K [0x00000000eab00000, 0x00000000ec200000, 0x0000000100000000)
  eden space 18944K, 100% used [0x00000000eab00000,0x00000000ebd80000,0x00000000ebd80000)
  from space 1024K, 78% used [0x00000000ec100000,0x00000000ec1c93e8,0x00000000ec200000)
  to   space 1024K, 0% used [0x00000000ec000000,0x00000000ec000000,0x00000000ec100000)
 ParOldGen       total 68608K, used 54653K [0x00000000c0000000, 0x00000000c4300000, 0x00000000eab00000)
  object space 68608K, 79% used [0x00000000c0000000,0x00000000c355f738,0x00000000c4300000)
 Metaspace       used 68151K, committed 69632K, reserved 1114112K
  class space    used 7189K, committed 7808K, reserved 1048576K
}
Event: 28.103 GC heap after
{Heap after GC invocations=50 (full 3):
 PSYoungGen      total 19968K, used 787K [0x00000000eab00000, 0x00000000ec180000, 0x0000000100000000)
  eden space 18944K, 0% used [0x00000000eab00000,0x00000000eab00000,0x00000000ebd80000)
  from space 1024K, 76% used [0x00000000ec000000,0x00000000ec0c4c28,0x00000000ec100000)
  to   space 512K, 0% used [0x00000000ec100000,0x00000000ec100000,0x00000000ec180000)
 ParOldGen       total 68608K, used 55170K [0x00000000c0000000, 0x00000000c4300000, 0x00000000eab00000)
  object space 68608K, 80% used [0x00000000c0000000,0x00000000c35e0a60,0x00000000c4300000)
 Metaspace       used 68151K, committed 69632K, reserved 1114112K
  class space    used 7189K, committed 7808K, reserved 1048576K
}
Event: 28.154 GC heap before
{Heap before GC invocations=51 (full 3):
 PSYoungGen      total 19968K, used 19731K [0x00000000eab00000, 0x00000000ec180000, 0x0000000100000000)
  eden space 18944K, 100% used [0x00000000eab00000,0x00000000ebd80000,0x00000000ebd80000)
  from space 1024K, 76% used [0x00000000ec000000,0x00000000ec0c4c28,0x00000000ec100000)
  to   space 512K, 0% used [0x00000000ec100000,0x00000000ec100000,0x00000000ec180000)
 ParOldGen       total 68608K, used 55170K [0x00000000c0000000, 0x00000000c4300000, 0x00000000eab00000)
  object space 68608K, 80% used [0x00000000c0000000,0x00000000c35e0a60,0x00000000c4300000)
 Metaspace       used 68190K, committed 69632K, reserved 1114112K
  class space    used 7198K, committed 7808K, reserved 1048576K
}
Event: 28.157 GC heap after
{Heap after GC invocations=51 (full 3):
 PSYoungGen      total 19456K, used 502K [0x00000000eab00000, 0x00000000ec280000, 0x0000000100000000)
  eden space 18944K, 0% used [0x00000000eab00000,0x00000000eab00000,0x00000000ebd80000)
  from space 512K, 98% used [0x00000000ec100000,0x00000000ec17db98,0x00000000ec180000)
  to   space 2560K, 0% used [0x00000000ebd80000,0x00000000ebd80000,0x00000000ec000000)
 ParOldGen       total 68608K, used 56928K [0x00000000c0000000, 0x00000000c4300000, 0x00000000eab00000)
  object space 68608K, 82% used [0x00000000c0000000,0x00000000c37981d8,0x00000000c4300000)
 Metaspace       used 68190K, committed 69632K, reserved 1114112K
  class space    used 7198K, committed 7808K, reserved 1048576K
}
Event: 28.203 GC heap before
{Heap before GC invocations=52 (full 3):
 PSYoungGen      total 19456K, used 19446K [0x00000000eab00000, 0x00000000ec280000, 0x0000000100000000)
  eden space 18944K, 100% used [0x00000000eab00000,0x00000000ebd80000,0x00000000ebd80000)
  from space 512K, 98% used [0x00000000ec100000,0x00000000ec17db98,0x00000000ec180000)
  to   space 2560K, 0% used [0x00000000ebd80000,0x00000000ebd80000,0x00000000ec000000)
 ParOldGen       total 68608K, used 56928K [0x00000000c0000000, 0x00000000c4300000, 0x00000000eab00000)
  object space 68608K, 82% used [0x00000000c0000000,0x00000000c37981d8,0x00000000c4300000)
 Metaspace       used 68193K, committed 69632K, reserved 1114112K
  class space    used 7198K, committed 7808K, reserved 1048576K
}
Event: 28.205 GC heap after
{Heap after GC invocations=52 (full 3):
 PSYoungGen      total 21504K, used 704K [0x00000000eab00000, 0x00000000ec180000, 0x0000000100000000)
  eden space 18944K, 0% used [0x00000000eab00000,0x00000000eab00000,0x00000000ebd80000)
  from space 2560K, 27% used [0x00000000ebd80000,0x00000000ebe30000,0x00000000ec000000)
  to   space 1536K, 0% used [0x00000000ec000000,0x00000000ec000000,0x00000000ec180000)
 ParOldGen       total 68608K, used 57462K [0x00000000c0000000, 0x00000000c4300000, 0x00000000eab00000)
  object space 68608K, 83% used [0x00000000c0000000,0x00000000c381d988,0x00000000c4300000)
 Metaspace       used 68193K, committed 69632K, reserved 1114112K
  class space    used 7198K, committed 7808K, reserved 1048576K
}
Event: 28.248 GC heap before
{Heap before GC invocations=53 (full 3):
 PSYoungGen      total 21504K, used 19647K [0x00000000eab00000, 0x00000000ec180000, 0x0000000100000000)
  eden space 18944K, 99% used [0x00000000eab00000,0x00000000ebd7fff8,0x00000000ebd80000)
  from space 2560K, 27% used [0x00000000ebd80000,0x00000000ebe30000,0x00000000ec000000)
  to   space 1536K, 0% used [0x00000000ec000000,0x00000000ec000000,0x00000000ec180000)
 ParOldGen       total 68608K, used 57462K [0x00000000c0000000, 0x00000000c4300000, 0x00000000eab00000)
  object space 68608K, 83% used [0x00000000c0000000,0x00000000c381d988,0x00000000c4300000)
 Metaspace       used 68258K, committed 69696K, reserved 1114112K
  class space    used 7200K, committed 7808K, reserved 1048576K
}
Event: 28.250 GC heap after
{Heap after GC invocations=53 (full 3):
 PSYoungGen      total 19968K, used 756K [0x00000000eab00000, 0x00000000ec100000, 0x0000000100000000)
  eden space 18944K, 0% used [0x00000000eab00000,0x00000000eab00000,0x00000000ebd80000)
  from space 1024K, 73% used [0x00000000ec000000,0x00000000ec0bd1a0,0x00000000ec100000)
  to   space 1024K, 0% used [0x00000000ebf00000,0x00000000ebf00000,0x00000000ec000000)
 ParOldGen       total 68608K, used 58006K [0x00000000c0000000, 0x00000000c4300000, 0x00000000eab00000)
  object space 68608K, 84% used [0x00000000c0000000,0x00000000c38a5988,0x00000000c4300000)
 Metaspace       used 68258K, committed 69696K, reserved 1114112K
  class space    used 7200K, committed 7808K, reserved 1048576K
}
Event: 28.286 GC heap before
{Heap before GC invocations=54 (full 3):
 PSYoungGen      total 19968K, used 19700K [0x00000000eab00000, 0x00000000ec100000, 0x0000000100000000)
  eden space 18944K, 100% used [0x00000000eab00000,0x00000000ebd80000,0x00000000ebd80000)
  from space 1024K, 73% used [0x00000000ec000000,0x00000000ec0bd1a0,0x00000000ec100000)
  to   space 1024K, 0% used [0x00000000ebf00000,0x00000000ebf00000,0x00000000ec000000)
 ParOldGen       total 68608K, used 58006K [0x00000000c0000000, 0x00000000c4300000, 0x00000000eab00000)
  object space 68608K, 84% used [0x00000000c0000000,0x00000000c38a5988,0x00000000c4300000)
 Metaspace       used 68279K, committed 69824K, reserved 1114112K
  class space    used 7205K, committed 7872K, reserved 1048576K
}
Event: 28.289 GC heap after
{Heap after GC invocations=54 (full 3):
 PSYoungGen      total 19968K, used 598K [0x00000000eab00000, 0x00000000ec080000, 0x0000000100000000)
  eden space 18944K, 0% used [0x00000000eab00000,0x00000000eab00000,0x00000000ebd80000)
  from space 1024K, 58% used [0x00000000ebf00000,0x00000000ebf95bc0,0x00000000ec000000)
  to   space 512K, 0% used [0x00000000ec000000,0x00000000ec000000,0x00000000ec080000)
 ParOldGen       total 68608K, used 58548K [0x00000000c0000000, 0x00000000c4300000, 0x00000000eab00000)
  object space 68608K, 85% used [0x00000000c0000000,0x00000000c392d290,0x00000000c4300000)
 Metaspace       used 68279K, committed 69824K, reserved 1114112K
  class space    used 7205K, committed 7872K, reserved 1048576K
}
Event: 28.356 GC heap before
{Heap before GC invocations=55 (full 3):
 PSYoungGen      total 19968K, used 19542K [0x00000000eab00000, 0x00000000ec080000, 0x0000000100000000)
  eden space 18944K, 100% used [0x00000000eab00000,0x00000000ebd80000,0x00000000ebd80000)
  from space 1024K, 58% used [0x00000000ebf00000,0x00000000ebf95bc0,0x00000000ec000000)
  to   space 512K, 0% used [0x00000000ec000000,0x00000000ec000000,0x00000000ec080000)
 ParOldGen       total 68608K, used 58548K [0x00000000c0000000, 0x00000000c4300000, 0x00000000eab00000)
  object space 68608K, 85% used [0x00000000c0000000,0x00000000c392d290,0x00000000c4300000)
 Metaspace       used 68569K, committed 70016K, reserved 1114112K
  class space    used 7224K, committed 7872K, reserved 1048576K
}
Event: 28.358 GC heap after
{Heap after GC invocations=55 (full 3):
 PSYoungGen      total 19456K, used 486K [0x00000000eab00000, 0x00000000ec080000, 0x0000000100000000)
  eden space 18944K, 0% used [0x00000000eab00000,0x00000000eab00000,0x00000000ebd80000)
  from space 512K, 94% used [0x00000000ec000000,0x00000000ec079910,0x00000000ec080000)
  to   space 1024K, 0% used [0x00000000ebe80000,0x00000000ebe80000,0x00000000ebf80000)
 ParOldGen       total 68608K, used 58964K [0x00000000c0000000, 0x00000000c4300000, 0x00000000eab00000)
  object space 68608K, 85% used [0x00000000c0000000,0x00000000c3995338,0x00000000c4300000)
 Metaspace       used 68569K, committed 70016K, reserved 1114112K
  class space    used 7224K, committed 7872K, reserved 1048576K
}
Event: 28.409 GC heap before
{Heap before GC invocations=56 (full 3):
 PSYoungGen      total 19456K, used 19430K [0x00000000eab00000, 0x00000000ec080000, 0x0000000100000000)
  eden space 18944K, 100% used [0x00000000eab00000,0x00000000ebd80000,0x00000000ebd80000)
  from space 512K, 94% used [0x00000000ec000000,0x00000000ec079910,0x00000000ec080000)
  to   space 1024K, 0% used [0x00000000ebe80000,0x00000000ebe80000,0x00000000ebf80000)
 ParOldGen       total 68608K, used 58964K [0x00000000c0000000, 0x00000000c4300000, 0x00000000eab00000)
  object space 68608K, 85% used [0x00000000c0000000,0x00000000c3995338,0x00000000c4300000)
 Metaspace       used 68667K, committed 70144K, reserved 1114112K
  class space    used 7240K, committed 7872K, reserved 1048576K
}
Event: 28.410 GC heap after
{Heap after GC invocations=56 (full 3):
 PSYoungGen      total 19968K, used 608K [0x00000000eab00000, 0x00000000ec080000, 0x0000000100000000)
  eden space 18944K, 0% used [0x00000000eab00000,0x00000000eab00000,0x00000000ebd80000)
  from space 1024K, 59% used [0x00000000ebe80000,0x00000000ebf18020,0x00000000ebf80000)
  to   space 1024K, 0% used [0x00000000ebf80000,0x00000000ebf80000,0x00000000ec080000)
 ParOldGen       total 68608K, used 59301K [0x00000000c0000000, 0x00000000c4300000, 0x00000000eab00000)
  object space 68608K, 86% used [0x00000000c0000000,0x00000000c39e9710,0x00000000c4300000)
 Metaspace       used 68667K, committed 70144K, reserved 1114112K
  class space    used 7240K, committed 7872K, reserved 1048576K
}
Event: 28.436 GC heap before
{Heap before GC invocations=57 (full 3):
 PSYoungGen      total 19968K, used 19552K [0x00000000eab00000, 0x00000000ec080000, 0x0000000100000000)
  eden space 18944K, 100% used [0x00000000eab00000,0x00000000ebd80000,0x00000000ebd80000)
  from space 1024K, 59% used [0x00000000ebe80000,0x00000000ebf18020,0x00000000ebf80000)
  to   space 1024K, 0% used [0x00000000ebf80000,0x00000000ebf80000,0x00000000ec080000)
 ParOldGen       total 68608K, used 59301K [0x00000000c0000000, 0x00000000c4300000, 0x00000000eab00000)
  object space 68608K, 86% used [0x00000000c0000000,0x00000000c39e9710,0x00000000c4300000)
 Metaspace       used 68757K, committed 70208K, reserved 1114112K
  class space    used 7248K, committed 7872K, reserved 1048576K
}
Event: 28.440 GC heap after
{Heap after GC invocations=57 (full 3):
 PSYoungGen      total 19968K, used 576K [0x00000000eab00000, 0x00000000ec080000, 0x0000000100000000)
  eden space 18944K, 0% used [0x00000000eab00000,0x00000000eab00000,0x00000000ebd80000)
  from space 1024K, 56% used [0x00000000ebf80000,0x00000000ec010000,0x00000000ec080000)
  to   space 1024K, 0% used [0x00000000ebe80000,0x00000000ebe80000,0x00000000ebf80000)
 ParOldGen       total 68608K, used 59701K [0x00000000c0000000, 0x00000000c4300000, 0x00000000eab00000)
  object space 68608K, 87% used [0x00000000c0000000,0x00000000c3a4d760,0x00000000c4300000)
 Metaspace       used 68757K, committed 70208K, reserved 1114112K
  class space    used 7248K, committed 7872K, reserved 1048576K
}

